# JRE version: OpenJDK Runtime Environment (11.0.8+10) (build 11.0.8+10-b944.6842174)
# Java VM: OpenJDK 64-Bit Server VM (11.0.8+10-b944.6842174, mixed mode, tiered, compressed oops, g1 gc, windows-amd64)
Heap:
 garbage-first heap   total 262144K, used 170688K [0x0000000080000000, 0x0000000100000000)
  region size 1024K, 51 young (52224K), 5 survivors (5120K)
 Metaspace       used 106242K, capacity 108988K, committed 109164K, reserved 1144832K
  class space    used 12795K, capacity 13728K, committed 13824K, reserved 1048576K
GC Heap History (20 events):
Event: 454.436 GC heap before
{Heap before GC invocations=73 (full 0):
 garbage-first heap   total 262144K, used 120823K [0x0000000080000000, 0x0000000100000000)
  region size 1024K, 12 young (12288K), 1 survivors (1024K)
 Metaspace       used 93539K, capacity 96048K, committed 96748K, reserved 1134592K
  class space    used 11110K, capacity 11924K, committed 12160K, reserved 1048576K
}
Event: 454.436 GC heap after
{Heap after GC invocations=74 (full 0):
 garbage-first heap   total 262144K, used 102764K [0x0000000080000000, 0x0000000100000000)
  region size 1024K, 1 young (1024K), 1 survivors (1024K)
 Metaspace       used 93539K, capacity 96048K, committed 96748K, reserved 1134592K
  class space    used 11110K, capacity 11924K, committed 12160K, reserved 1048576K
}
Event: 459.330 GC heap before
{Heap before GC invocations=74 (full 0):
 garbage-first heap   total 262144K, used 219500K [0x0000000080000000, 0x0000000100000000)
  region size 1024K, 115 young (117760K), 1 survivors (1024K)
 Metaspace       used 93539K, capacity 96048K, committed 96748K, reserved 1134592K
  class space    used 11110K, capacity 11924K, committed 12160K, reserved 1048576K
}
Event: 459.331 GC heap after
{Heap after GC invocations=75 (full 0):
 garbage-first heap   total 262144K, used 102756K [0x0000000080000000, 0x0000000100000000)
  region size 1024K, 1 young (1024K), 1 survivors (1024K)
 Metaspace       used 93539K, capacity 96048K, committed 96748K, reserved 1134592K
  class space    used 11110K, capacity 11924K, committed 12160K, reserved 1048576K
}
Event: 463.142 GC heap before
{Heap before GC invocations=75 (full 0):
 garbage-first heap   total 262144K, used 221540K [0x0000000080000000, 0x0000000100000000)
  region size 1024K, 117 young (119808K), 1 survivors (1024K)
 Metaspace       used 93539K, capacity 96048K, committed 96748K, reserved 1134592K
  class space    used 11110K, capacity 11924K, committed 12160K, reserved 1048576K
}
Event: 463.142 GC heap after
{Heap after GC invocations=76 (full 0):
 garbage-first heap   total 262144K, used 102761K [0x0000000080000000, 0x0000000100000000)
  region size 1024K, 1 young (1024K), 1 survivors (1024K)
 Metaspace       used 93539K, capacity 96048K, committed 96748K, reserved 1134592K
  class space    used 11110K, capacity 11924K, committed 12160K, reserved 1048576K
}
Event: 468.207 GC heap before
{Heap before GC invocations=76 (full 0):
 garbage-first heap   total 262144K, used 222569K [0x0000000080000000, 0x0000000100000000)
  region size 1024K, 118 young (120832K), 1 survivors (1024K)
 Metaspace       used 93539K, capacity 96048K, committed 96748K, reserved 1134592K
  class space    used 11110K, capacity 11924K, committed 12160K, reserved 1048576K
}
Event: 468.207 GC heap after
{Heap after GC invocations=77 (full 0):
 garbage-first heap   total 262144K, used 102768K [0x0000000080000000, 0x0000000100000000)
  region size 1024K, 1 young (1024K), 1 survivors (1024K)
 Metaspace       used 93539K, capacity 96048K, committed 96748K, reserved 1134592K
  class space    used 11110K, capacity 11924K, committed 12160K, reserved 1048576K
}
Event: 478.428 GC heap before
{Heap before GC invocations=77 (full 0):
 garbage-first heap   total 262144K, used 224624K [0x0000000080000000, 0x0000000100000000)
  region size 1024K, 120 young (122880K), 1 survivors (1024K)
 Metaspace       used 98447K, capacity 100987K, committed 101228K, reserved 1138688K
  class space    used 11823K, capacity 12675K, committed 12800K, reserved 1048576K
}
Event: 478.430 GC heap after
{Heap after GC invocations=78 (full 0):
 garbage-first heap   total 262144K, used 105892K [0x0000000080000000, 0x0000000100000000)
  region size 1024K, 4 young (4096K), 4 survivors (4096K)
 Metaspace       used 98447K, capacity 100987K, committed 101228K, reserved 1138688K
  class space    used 11823K, capacity 12675K, committed 12800K, reserved 1048576K
}
Event: 499.567 GC heap before
{Heap before GC invocations=78 (full 0):
 garbage-first heap   total 262144K, used 223652K [0x0000000080000000, 0x0000000100000000)
  region size 1024K, 120 young (122880K), 4 survivors (4096K)
 Metaspace       used 103414K, capacity 106064K, committed 106220K, reserved 1142784K
  class space    used 12506K, capacity 13385K, committed 13440K, reserved 1048576K
}
Event: 499.570 GC heap after
{Heap after GC invocations=79 (full 0):
 garbage-first heap   total 262144K, used 111315K [0x0000000080000000, 0x0000000100000000)
  region size 1024K, 9 young (9216K), 9 survivors (9216K)
 Metaspace       used 103414K, capacity 106064K, committed 106220K, reserved 1142784K
  class space    used 12506K, capacity 13385K, committed 13440K, reserved 1048576K
}
Event: 510.073 GC heap before
{Heap before GC invocations=79 (full 0):
 garbage-first heap   total 262144K, used 230099K [0x0000000080000000, 0x0000000100000000)
  region size 1024K, 118 young (120832K), 9 survivors (9216K)
 Metaspace       used 105931K, capacity 108663K, committed 108908K, reserved 1144832K
  class space    used 12794K, capacity 13712K, committed 13824K, reserved 1048576K
}
Event: 510.077 GC heap after
{Heap after GC invocations=80 (full 0):
 garbage-first heap   total 262144K, used 119639K [0x0000000080000000, 0x0000000100000000)
  region size 1024K, 13 young (13312K), 13 survivors (13312K)
 Metaspace       used 105931K, capacity 108663K, committed 108908K, reserved 1144832K
  class space    used 12794K, capacity 13712K, committed 13824K, reserved 1048576K
}
Event: 510.221 GC heap before
{Heap before GC invocations=80 (full 0):
 garbage-first heap   total 262144K, used 219991K [0x0000000080000000, 0x0000000100000000)
  region size 1024K, 112 young (114688K), 13 survivors (13312K)
 Metaspace       used 106141K, capacity 108891K, committed 109164K, reserved 1144832K
  class space    used 12797K, capacity 13717K, committed 13824K, reserved 1048576K
}
Event: 510.225 GC heap after
{Heap after GC invocations=81 (full 0):
 garbage-first heap   total 262144K, used 121228K [0x0000000080000000, 0x0000000100000000)
  region size 1024K, 9 young (9216K), 9 survivors (9216K)
 Metaspace       used 106141K, capacity 108891K, committed 109164K, reserved 1144832K
  class space    used 12797K, capacity 13717K, committed 13824K, reserved 1048576K
}
Event: 510.388 GC heap before
{Heap before GC invocations=81 (full 0):
 garbage-first heap   total 262144K, used 222604K [0x0000000080000000, 0x0000000100000000)
  region size 1024K, 109 young (111616K), 9 survivors (9216K)
 Metaspace       used 106278K, capacity 109054K, committed 109164K, reserved 1144832K
  class space    used 12807K, capacity 13750K, committed 13824K, reserved 1048576K
}
Event: 510.391 GC heap after
{Heap after GC invocations=82 (full 0):
 garbage-first heap   total 262144K, used 122219K [0x0000000080000000, 0x0000000100000000)
  region size 1024K, 4 young (4096K), 4 survivors (4096K)
 Metaspace       used 106278K, capacity 109054K, committed 109164K, reserved 1144832K
  class space    used 12807K, capacity 13750K, committed 13824K, reserved 1048576K
}
Event: 510.433 GC heap before
{Heap before GC invocations=82 (full 0):
 garbage-first heap   total 262144K, used 144747K [0x0000000080000000, 0x0000000100000000)
  region size 1024K, 27 young (27648K), 4 survivors (4096K)
 Metaspace       used 106280K, capacity 109054K, committed 109164K, reserved 1144832K
  class space    used 12807K, capacity 13750K, committed 13824K, reserved 1048576K
}
Event: 510.437 GC heap after
{Heap after GC invocations=83 (full 0):
 garbage-first heap   total 262144K, used 123584K [0x0000000080000000, 0x0000000100000000)
  region size 1024K, 5 young (5120K), 5 survivors (5120K)
 Metaspace       used 106280K, capacity 109054K, committed 109164K, reserved 1144832K
  class space    used 12807K, capacity 13750K, committed 13824K, reserved 1048576K
}

