# JRE version: OpenJDK Runtime Environment (11.0.8+10) (build 11.0.8+10-b944.6842174)
# Java VM: OpenJDK 64-Bit Server VM (11.0.8+10-b944.6842174, mixed mode, tiered, compressed oops, g1 gc, windows-amd64)
Heap:
 garbage-first heap   total 399360K, used 293987K [0x0000000080000000, 0x0000000100000000)
  region size 1024K, 161 young (164864K), 2 survivors (2048K)
 Metaspace       used 137101K, capacity 141693K, committed 141816K, reserved 1173504K
  class space    used 16652K, capacity 18185K, committed 18252K, reserved 1048576K
GC Heap History (20 events):
Event: 844.005 GC heap before
{Heap before GC invocations=72 (full 0):
 garbage-first heap   total 262144K, used 217892K [0x0000000080000000, 0x0000000100000000)
  region size 1024K, 80 young (81920K), 1 survivors (1024K)
 Metaspace       used 128316K, capacity 132132K, committed 132472K, reserved 1165312K
  class space    used 15634K, capacity 16985K, committed 17100K, reserved 1048576K
}
Event: 844.006 GC heap after
{Heap after GC invocations=73 (full 0):
 garbage-first heap   total 262144K, used 137530K [0x0000000080000000, 0x0000000100000000)
  region size 1024K, 2 young (2048K), 2 survivors (2048K)
 Metaspace       used 128316K, capacity 132132K, committed 132472K, reserved 1165312K
  class space    used 15634K, capacity 16985K, committed 17100K, reserved 1048576K
}
Event: 844.064 GC heap before
{Heap before GC invocations=73 (full 0):
 garbage-first heap   total 262144K, used 219450K [0x0000000080000000, 0x0000000100000000)
  region size 1024K, 82 young (83968K), 2 survivors (2048K)
 Metaspace       used 128319K, capacity 132132K, committed 132472K, reserved 1165312K
  class space    used 15634K, capacity 16985K, committed 17100K, reserved 1048576K
}
Event: 844.066 GC heap after
{Heap after GC invocations=74 (full 0):
 garbage-first heap   total 332800K, used 138752K [0x0000000080000000, 0x0000000100000000)
  region size 1024K, 3 young (3072K), 3 survivors (3072K)
 Metaspace       used 128319K, capacity 132132K, committed 132472K, reserved 1165312K
  class space    used 15634K, capacity 16985K, committed 17100K, reserved 1048576K
}
Event: 844.210 GC heap before
{Heap before GC invocations=74 (full 0):
 garbage-first heap   total 332800K, used 262656K [0x0000000080000000, 0x0000000100000000)
  region size 1024K, 124 young (126976K), 3 survivors (3072K)
 Metaspace       used 128322K, capacity 132132K, committed 132472K, reserved 1165312K
  class space    used 15634K, capacity 16985K, committed 17100K, reserved 1048576K
}
Event: 844.212 GC heap after
{Heap after GC invocations=75 (full 0):
 garbage-first heap   total 332800K, used 141654K [0x0000000080000000, 0x0000000100000000)
  region size 1024K, 6 young (6144K), 6 survivors (6144K)
 Metaspace       used 128322K, capacity 132132K, committed 132472K, reserved 1165312K
  class space    used 15634K, capacity 16985K, committed 17100K, reserved 1048576K
}
Event: 844.228 GC heap before
{Heap before GC invocations=75 (full 0):
 garbage-first heap   total 332800K, used 157014K [0x0000000080000000, 0x0000000100000000)
  region size 1024K, 22 young (22528K), 6 survivors (6144K)
 Metaspace       used 128322K, capacity 132132K, committed 132472K, reserved 1165312K
  class space    used 15634K, capacity 16985K, committed 17100K, reserved 1048576K
}
Event: 844.230 GC heap after
{Heap after GC invocations=76 (full 0):
 garbage-first heap   total 332800K, used 142184K [0x0000000080000000, 0x0000000100000000)
  region size 1024K, 6 young (6144K), 6 survivors (6144K)
 Metaspace       used 128322K, capacity 132132K, committed 132472K, reserved 1165312K
  class space    used 15634K, capacity 16985K, committed 17100K, reserved 1048576K
}
Event: 844.331 GC heap before
{Heap before GC invocations=77 (full 0):
 garbage-first heap   total 332800K, used 273256K [0x0000000080000000, 0x0000000100000000)
  region size 1024K, 129 young (132096K), 6 survivors (6144K)
 Metaspace       used 128323K, capacity 132132K, committed 132472K, reserved 1165312K
  class space    used 15634K, capacity 16985K, committed 17100K, reserved 1048576K
}
Event: 844.333 GC heap after
{Heap after GC invocations=78 (full 0):
 garbage-first heap   total 332800K, used 145970K [0x0000000080000000, 0x0000000100000000)
  region size 1024K, 9 young (9216K), 9 survivors (9216K)
 Metaspace       used 128323K, capacity 132132K, committed 132472K, reserved 1165312K
  class space    used 15634K, capacity 16985K, committed 17100K, reserved 1048576K
}
Event: 844.339 GC heap before
{Heap before GC invocations=78 (full 0):
 garbage-first heap   total 332800K, used 153138K [0x0000000080000000, 0x0000000100000000)
  region size 1024K, 16 young (16384K), 9 survivors (9216K)
 Metaspace       used 128323K, capacity 132132K, committed 132472K, reserved 1165312K
  class space    used 15634K, capacity 16985K, committed 17100K, reserved 1048576K
}
Event: 844.341 GC heap after
{Heap after GC invocations=79 (full 0):
 garbage-first heap   total 332800K, used 139607K [0x0000000080000000, 0x0000000100000000)
  region size 1024K, 2 young (2048K), 2 survivors (2048K)
 Metaspace       used 128323K, capacity 132132K, committed 132472K, reserved 1165312K
  class space    used 15634K, capacity 16985K, committed 17100K, reserved 1048576K
}
Event: 844.459 GC heap before
{Heap before GC invocations=79 (full 0):
 garbage-first heap   total 332800K, used 271703K [0x0000000080000000, 0x0000000100000000)
  region size 1024K, 131 young (134144K), 2 survivors (2048K)
 Metaspace       used 128324K, capacity 132132K, committed 132472K, reserved 1165312K
  class space    used 15634K, capacity 16985K, committed 17100K, reserved 1048576K
}
Event: 844.461 GC heap after
{Heap after GC invocations=80 (full 0):
 garbage-first heap   total 399360K, used 141151K [0x0000000080000000, 0x0000000100000000)
  region size 1024K, 3 young (3072K), 3 survivors (3072K)
 Metaspace       used 128324K, capacity 132132K, committed 132472K, reserved 1165312K
  class space    used 15634K, capacity 16985K, committed 17100K, reserved 1048576K
}
Event: 844.539 GC heap before
{Heap before GC invocations=80 (full 0):
 garbage-first heap   total 399360K, used 197471K [0x0000000080000000, 0x0000000100000000)
  region size 1024K, 59 young (60416K), 3 survivors (3072K)
 Metaspace       used 128324K, capacity 132132K, committed 132472K, reserved 1165312K
  class space    used 15634K, capacity 16985K, committed 17100K, reserved 1048576K
}
Event: 844.543 GC heap after
{Heap after GC invocations=81 (full 0):
 garbage-first heap   total 399360K, used 144376K [0x0000000080000000, 0x0000000100000000)
  region size 1024K, 6 young (6144K), 6 survivors (6144K)
 Metaspace       used 128324K, capacity 132132K, committed 132472K, reserved 1165312K
  class space    used 15634K, capacity 16985K, committed 17100K, reserved 1048576K
}
Event: 845.159 GC heap before
{Heap before GC invocations=82 (full 0):
 garbage-first heap   total 399360K, used 292856K [0x0000000080000000, 0x0000000100000000)
  region size 1024K, 151 young (154624K), 6 survivors (6144K)
 Metaspace       used 128709K, capacity 132659K, committed 132984K, reserved 1165312K
  class space    used 15680K, capacity 17015K, committed 17100K, reserved 1048576K
}
Event: 845.161 GC heap after
{Heap after GC invocations=83 (full 0):
 garbage-first heap   total 399360K, used 143884K [0x0000000080000000, 0x0000000100000000)
  region size 1024K, 6 young (6144K), 6 survivors (6144K)
 Metaspace       used 128709K, capacity 132659K, committed 132984K, reserved 1165312K
  class space    used 15680K, capacity 17015K, committed 17100K, reserved 1048576K
}
Event: 845.482 GC heap before
{Heap before GC invocations=83 (full 0):
 garbage-first heap   total 399360K, used 156172K [0x0000000080000000, 0x0000000100000000)
  region size 1024K, 19 young (19456K), 6 survivors (6144K)
 Metaspace       used 129616K, capacity 133725K, committed 134008K, reserved 1165312K
  class space    used 15834K, capacity 17230K, committed 17356K, reserved 1048576K
}
Event: 845.484 GC heap after
{Heap after GC invocations=84 (full 0):
 garbage-first heap   total 399360K, used 133219K [0x0000000080000000, 0x0000000100000000)
  region size 1024K, 2 young (2048K), 2 survivors (2048K)
 Metaspace       used 129616K, capacity 133725K, committed 134008K, reserved 1165312K
  class space    used 15834K, capacity 17230K, committed 17356K, reserved 1048576K
}

